build/app/outputs/mapping/release/mapping.txt
# compiler: R8
# compiler_version: 1.5.64
# min_api: 16
# pg_map_id: 0e5e5ca
com.example.pasien.MainActivity -> com.example.pasien.MainActivity:
    void configureFlutterEngine(io.flutter.embedding.engine.FlutterEngine) -> a
...
io.flutter.embedding.engine.systemchannels.TextInputChannel$TextCapitalization -> io.flutter.embedding.engine.i.m$d:
    io.flutter.embedding.engine.systemchannels.TextInputChannel$TextCapitalization CHARACTERS -> b
    io.flutter.embedding.engine.systemchannels.TextInputChannel$TextCapitalization WORDS -> c
    io.flutter.embedding.engine.systemchannels.TextInputChannel$TextCapitalization[] $VALUES -> f
    java.lang.String encodedName -> a
    io.flutter.embedding.engine.systemchannels.TextInputChannel$TextCapitalization SENTENCES -> d
    io.flutter.embedding.engine.systemchannels.TextInputChannel$TextCapitalization NONE -> e
    io.flutter.embedding.engine.systemchannels.TextInputChannel$TextCapitalization fromValue(java.lang.String) -> a
io.flutter.embedding.engine.systemchannels.TextInputChannel$TextEditState -> io.flutter.embedding.engine.i.m$e:
    java.lang.String text -> a
    int composingStart -> d
    int composingEnd -> e
    int selectionStart -> b
    int selectionEnd -> c
    io.flutter.embedding.engine.systemchannels.TextInputChannel$TextEditState fromJson(org.json.JSONObject) -> a
io.flutter.embedding.engine.systemchannels.TextInputChannel$TextInputMethodHandler -> io.flutter.embedding.engine.i.m$f:
    void finishAutofillContext(boolean) -> a
    void requestAutofill() -> a
    void sendAppPrivateCommand(java.lang.String,android.os.Bundle) -> a
    void setClient(int,io.flutter.embedding.engine.systemchannels.TextInputChannel$Configuration) -> a
    void setEditableSizeAndTransform(double,double,double[]) -> a
    void setEditingState(io.flutter.embedding.engine.systemchannels.TextInputChannel$TextEditState) -> a
    void setPlatformViewClient(int) -> a
    void hide() -> b
    void clearClient() -> c
    void show() -> d
io.flutter.embedding.engine.systemchannels.TextInputChannel$TextInputType -> io.flutter.embedding.engine.i.m$g:
    io.flutter.embedding.engine.systemchannels.TextInputChannel$TextInputType DATETIME -> c
    io.flutter.embedding.engine.systemchannels.TextInputChannel$TextInputType TEXT -> b
    io.flutter.embedding.engine.systemchannels.TextInputChannel$TextInputType POSTAL_ADDRESS -> e
    io.flutter.embedding.engine.systemchannels.TextInputChannel$TextInputType NAME -> d
    io.flutter.embedding.engine.systemchannels.TextInputChannel$TextInputType VISIBLE_PASSWORD -> k
    io.flutter.embedding.engine.systemchannels.TextInputChannel$TextInputType URL -> j
    io.flutter.embedding.engine.systemchannels.TextInputChannel$TextInputType[] $VALUES -> l
    java.lang.String encodedName -> a
    io.flutter.embedding.engine.systemchannels.TextInputChannel$TextInputType PHONE -> g
    io.flutter.embedding.engine.systemchannels.TextInputChannel$TextInputType NUMBER -> f
    io.flutter.embedding.engine.systemchannels.TextInputChannel$TextInputType EMAIL_ADDRESS -> i
    io.flutter.embedding.engine.systemchannels.TextInputChannel$TextInputType MULTILINE -> h
    io.flutter.embedding.engine.systemchannels.TextInputChannel$TextInputType fromValue(java.lang.String) -> a
io.flutter.plugin.common.BasicMessageChannel -> b.a.c.a.a:
    io.flutter.plugin.common.MessageCodec codec -> c
    io.flutter.plugin.common.BinaryMessenger messenger -> a
    java.lang.String name -> b
    io.flutter.plugin.common.MessageCodec access$200(io.flutter.plugin.common.BasicMessageChannel) -> a
    void send(java.lang.Object) -> a
    void send(java.lang.Object,io.flutter.plugin.common.BasicMessageChannel$Reply) -> a
    void setMessageHandler(io.flutter.plugin.common.BasicMessageChannel$MessageHandler) -> a
    java.lang.String access$300(io.flutter.plugin.common.BasicMessageChannel) -> b
io.flutter.plugin.common.BasicMessageChannel$1 -> b.a.c.a.a$a: